# JRE version: OpenJDK Runtime Environment Temurin-21.0.10+7 (21.0.10+7) (build 21.0.10+7-LTS)
# Java VM: OpenJDK 64-Bit Server VM Temurin-21.0.10+7 (21.0.10+7-LTS, mixed mode, sharing, tiered, compressed oops, compressed class ptrs, parallel gc, windows-amd64)
GC Precious Log:
 CardTable entry size: 512
 CPUs: 12 total, 12 available
 Memory: 16092M
 Large Page Support: Disabled
 NUMA Support: Disabled
 Compressed Oops: Enabled (32-bit)
 Alignments: Space 512K, Generation 512K, Heap 2M
 Heap Min Capacity: 100M
 Heap Initial Capacity: 100M
 Heap Max Capacity: 2G
 Pre-touch: Disabled
 Parallel Workers: 10
Heap:
 PSYoungGen      total 4096K, used 2959K [0x00000000d5580000, 0x00000000d5c80000, 0x0000000100000000)
  eden space 3584K, 76% used [0x00000000d5580000,0x00000000d582bd38,0x00000000d5900000)
  from space 512K, 43% used [0x00000000d5c00000,0x00000000d5c38000,0x00000000d5c80000)
  to   space 512K, 0% used [0x00000000d5b80000,0x00000000d5b80000,0x00000000d5c00000)
 ParOldGen       total 290304K, used 290103K [0x0000000080000000, 0x0000000091b80000, 0x00000000d5580000)
  object space 290304K, 99% used [0x0000000080000000,0x0000000091b4dfa0,0x0000000091b80000)
 Metaspace       used 80909K, committed 82688K, reserved 1179648K
  class space    used 10290K, committed 11072K, reserved 1048576K
GC Heap History (20 events):
Event: 33.804 GC heap before
{Heap before GC invocations=818 (full 3):
 PSYoungGen      total 4096K, used 4076K [0x00000000d5580000, 0x00000000d5c00000, 0x0000000100000000)
  eden space 3584K, 99% used [0x00000000d5580000,0x00000000d58ff540,0x00000000d5900000)
  from space 512K, 96% used [0x00000000d5b00000,0x00000000d5b7bb20,0x00000000d5b80000)
  to   space 1536K, 0% used [0x00000000d5900000,0x00000000d5900000,0x00000000d5a80000)
 ParOldGen       total 286208K, used 285926K [0x0000000080000000, 0x0000000091780000, 0x00000000d5580000)
  object space 286208K, 99% used [0x0000000080000000,0x0000000091739988,0x0000000091780000)
 Metaspace       used 78451K, committed 80192K, reserved 1179648K
  class space    used 9821K, committed 10560K, reserved 1048576K
}
Event: 33.805 GC heap after
{Heap after GC invocations=818 (full 3):
 PSYoungGen      total 5120K, used 1530K [0x00000000d5580000, 0x00000000d6000000, 0x0000000100000000)
  eden space 3584K, 0% used [0x00000000d5580000,0x00000000d5580000,0x00000000d5900000)
  from space 1536K, 99% used [0x00000000d5900000,0x00000000d5a7eb30,0x00000000d5a80000)
  to   space 3584K, 0% used [0x00000000d5c80000,0x00000000d5c80000,0x00000000d6000000)
 ParOldGen       total 287744K, used 287271K [0x0000000080000000, 0x0000000091900000, 0x00000000d5580000)
  object space 287744K, 99% used [0x0000000080000000,0x0000000091889e20,0x0000000091900000)
 Metaspace       used 78451K, committed 80192K, reserved 1179648K
  class space    used 9821K, committed 10560K, reserved 1048576K
}
Event: 33.821 GC heap before
{Heap before GC invocations=819 (full 3):
 PSYoungGen      total 5120K, used 5114K [0x00000000d5580000, 0x00000000d6000000, 0x0000000100000000)
  eden space 3584K, 99% used [0x00000000d5580000,0x00000000d58fffd8,0x00000000d5900000)
  from space 1536K, 99% used [0x00000000d5900000,0x00000000d5a7eb30,0x00000000d5a80000)
  to   space 3584K, 0% used [0x00000000d5c80000,0x00000000d5c80000,0x00000000d6000000)
 ParOldGen       total 287744K, used 287271K [0x0000000080000000, 0x0000000091900000, 0x00000000d5580000)
  object space 287744K, 99% used [0x0000000080000000,0x0000000091889e20,0x0000000091900000)
 Metaspace       used 78533K, committed 80320K, reserved 1179648K
  class space    used 9848K, committed 10624K, reserved 1048576K
}
Event: 33.822 GC heap after
{Heap after GC invocations=819 (full 3):
 PSYoungGen      total 4608K, used 694K [0x00000000d5580000, 0x00000000d5d80000, 0x0000000100000000)
  eden space 3584K, 0% used [0x00000000d5580000,0x00000000d5580000,0x00000000d5900000)
  from space 1024K, 67% used [0x00000000d5c80000,0x00000000d5d2d808,0x00000000d5d80000)
  to   space 1536K, 0% used [0x00000000d5a80000,0x00000000d5a80000,0x00000000d5c00000)
 ParOldGen       total 289280K, used 288787K [0x0000000080000000, 0x0000000091a80000, 0x00000000d5580000)
  object space 289280K, 99% used [0x0000000080000000,0x0000000091a04f48,0x0000000091a80000)
 Metaspace       used 78533K, committed 80320K, reserved 1179648K
  class space    used 9848K, committed 10624K, reserved 1048576K
}
Event: 33.844 GC heap before
{Heap before GC invocations=820 (full 3):
 PSYoungGen      total 4608K, used 4278K [0x00000000d5580000, 0x00000000d5d80000, 0x0000000100000000)
  eden space 3584K, 100% used [0x00000000d5580000,0x00000000d5900000,0x00000000d5900000)
  from space 1024K, 67% used [0x00000000d5c80000,0x00000000d5d2d808,0x00000000d5d80000)
  to   space 1536K, 0% used [0x00000000d5a80000,0x00000000d5a80000,0x00000000d5c00000)
 ParOldGen       total 289280K, used 288787K [0x0000000080000000, 0x0000000091a80000, 0x00000000d5580000)
  object space 289280K, 99% used [0x0000000080000000,0x0000000091a04f48,0x0000000091a80000)
 Metaspace       used 78790K, committed 80576K, reserved 1179648K
  class space    used 9908K, committed 10688K, reserved 1048576K
}
Event: 33.845 GC heap after
{Heap after GC invocations=820 (full 3):
 PSYoungGen      total 5120K, used 352K [0x00000000d5580000, 0x00000000d5d00000, 0x0000000100000000)
  eden space 3584K, 0% used [0x00000000d5580000,0x00000000d5580000,0x00000000d5900000)
  from space 1536K, 22% used [0x00000000d5a80000,0x00000000d5ad8000,0x00000000d5c00000)
  to   space 1024K, 0% used [0x00000000d5c00000,0x00000000d5c00000,0x00000000d5d00000)
 ParOldGen       total 289280K, used 289239K [0x0000000080000000, 0x0000000091a80000, 0x00000000d5580000)
  object space 289280K, 99% used [0x0000000080000000,0x0000000091a75f70,0x0000000091a80000)
 Metaspace       used 78790K, committed 80576K, reserved 1179648K
  class space    used 9908K, committed 10688K, reserved 1048576K
}
Event: 33.866 GC heap before
{Heap before GC invocations=821 (full 3):
 PSYoungGen      total 5120K, used 3936K [0x00000000d5580000, 0x00000000d5d00000, 0x0000000100000000)
  eden space 3584K, 100% used [0x00000000d5580000,0x00000000d5900000,0x00000000d5900000)
  from space 1536K, 22% used [0x00000000d5a80000,0x00000000d5ad8000,0x00000000d5c00000)
  to   space 1024K, 0% used [0x00000000d5c00000,0x00000000d5c00000,0x00000000d5d00000)
 ParOldGen       total 289280K, used 289239K [0x0000000080000000, 0x0000000091a80000, 0x00000000d5580000)
  object space 289280K, 99% used [0x0000000080000000,0x0000000091a75f70,0x0000000091a80000)
 Metaspace       used 79122K, committed 80896K, reserved 1179648K
  class space    used 9976K, committed 10752K, reserved 1048576K
}
Event: 33.867 GC heap after
{Heap after GC invocations=821 (full 3):
 PSYoungGen      total 4096K, used 336K [0x00000000d5580000, 0x00000000d5c80000, 0x0000000100000000)
  eden space 3584K, 0% used [0x00000000d5580000,0x00000000d5580000,0x00000000d5900000)
  from space 512K, 65% used [0x00000000d5c00000,0x00000000d5c54010,0x00000000d5c80000)
  to   space 512K, 0% used [0x00000000d5b80000,0x00000000d5b80000,0x00000000d5c00000)
 ParOldGen       total 289792K, used 289431K [0x0000000080000000, 0x0000000091b00000, 0x00000000d5580000)
  object space 289792K, 99% used [0x0000000080000000,0x0000000091aa5f70,0x0000000091b00000)
 Metaspace       used 79122K, committed 80896K, reserved 1179648K
  class space    used 9976K, committed 10752K, reserved 1048576K
}
Event: 33.900 GC heap before
{Heap before GC invocations=822 (full 3):
 PSYoungGen      total 4096K, used 3896K [0x00000000d5580000, 0x00000000d5c80000, 0x0000000100000000)
  eden space 3584K, 99% used [0x00000000d5580000,0x00000000d58fa2f8,0x00000000d5900000)
  from space 512K, 65% used [0x00000000d5c00000,0x00000000d5c54010,0x00000000d5c80000)
  to   space 512K, 0% used [0x00000000d5b80000,0x00000000d5b80000,0x00000000d5c00000)
 ParOldGen       total 289792K, used 289431K [0x0000000080000000, 0x0000000091b00000, 0x00000000d5580000)
  object space 289792K, 99% used [0x0000000080000000,0x0000000091aa5f70,0x0000000091b00000)
 Metaspace       used 79482K, committed 81280K, reserved 1179648K
  class space    used 10048K, committed 10816K, reserved 1048576K
}
Event: 33.900 GC heap after
{Heap after GC invocations=822 (full 3):
 PSYoungGen      total 4096K, used 398K [0x00000000d5580000, 0x00000000d5c80000, 0x0000000100000000)
  eden space 3584K, 0% used [0x00000000d5580000,0x00000000d5580000,0x00000000d5900000)
  from space 512K, 77% used [0x00000000d5b80000,0x00000000d5be38d0,0x00000000d5c00000)
  to   space 512K, 0% used [0x00000000d5c00000,0x00000000d5c00000,0x00000000d5c80000)
 ParOldGen       total 289792K, used 289591K [0x0000000080000000, 0x0000000091b00000, 0x00000000d5580000)
  object space 289792K, 99% used [0x0000000080000000,0x0000000091acdfa0,0x0000000091b00000)
 Metaspace       used 79482K, committed 81280K, reserved 1179648K
  class space    used 10048K, committed 10816K, reserved 1048576K
}
Event: 33.932 GC heap before
{Heap before GC invocations=823 (full 3):
 PSYoungGen      total 4096K, used 3982K [0x00000000d5580000, 0x00000000d5c80000, 0x0000000100000000)
  eden space 3584K, 100% used [0x00000000d5580000,0x00000000d5900000,0x00000000d5900000)
  from space 512K, 77% used [0x00000000d5b80000,0x00000000d5be38d0,0x00000000d5c00000)
  to   space 512K, 0% used [0x00000000d5c00000,0x00000000d5c00000,0x00000000d5c80000)
 ParOldGen       total 289792K, used 289591K [0x0000000080000000, 0x0000000091b00000, 0x00000000d5580000)
  object space 289792K, 99% used [0x0000000080000000,0x0000000091acdfa0,0x0000000091b00000)
 Metaspace       used 79930K, committed 81728K, reserved 1179648K
  class space    used 10117K, committed 10944K, reserved 1048576K
}
Event: 33.932 GC heap after
{Heap after GC invocations=823 (full 3):
 PSYoungGen      total 4096K, used 320K [0x00000000d5580000, 0x00000000d5c80000, 0x0000000100000000)
  eden space 3584K, 0% used [0x00000000d5580000,0x00000000d5580000,0x00000000d5900000)
  from space 512K, 62% used [0x00000000d5c00000,0x00000000d5c50000,0x00000000d5c80000)
  to   space 512K, 0% used [0x00000000d5b80000,0x00000000d5b80000,0x00000000d5c00000)
 ParOldGen       total 289792K, used 289679K [0x0000000080000000, 0x0000000091b00000, 0x00000000d5580000)
  object space 289792K, 99% used [0x0000000080000000,0x0000000091ae3fa0,0x0000000091b00000)
 Metaspace       used 79930K, committed 81728K, reserved 1179648K
  class space    used 10117K, committed 10944K, reserved 1048576K
}
Event: 33.952 GC heap before
{Heap before GC invocations=824 (full 3):
 PSYoungGen      total 4096K, used 3904K [0x00000000d5580000, 0x00000000d5c80000, 0x0000000100000000)
  eden space 3584K, 100% used [0x00000000d5580000,0x00000000d5900000,0x00000000d5900000)
  from space 512K, 62% used [0x00000000d5c00000,0x00000000d5c50000,0x00000000d5c80000)
  to   space 512K, 0% used [0x00000000d5b80000,0x00000000d5b80000,0x00000000d5c00000)
 ParOldGen       total 289792K, used 289679K [0x0000000080000000, 0x0000000091b00000, 0x00000000d5580000)
  object space 289792K, 99% used [0x0000000080000000,0x0000000091ae3fa0,0x0000000091b00000)
 Metaspace       used 80270K, committed 82112K, reserved 1179648K
  class space    used 10187K, committed 11008K, reserved 1048576K
}
Event: 33.953 GC heap after
{Heap after GC invocations=824 (full 3):
 PSYoungGen      total 4096K, used 288K [0x00000000d5580000, 0x00000000d5c80000, 0x0000000100000000)
  eden space 3584K, 0% used [0x00000000d5580000,0x00000000d5580000,0x00000000d5900000)
  from space 512K, 56% used [0x00000000d5b80000,0x00000000d5bc8000,0x00000000d5c00000)
  to   space 512K, 0% used [0x00000000d5c00000,0x00000000d5c00000,0x00000000d5c80000)
 ParOldGen       total 290304K, used 289815K [0x0000000080000000, 0x0000000091b80000, 0x00000000d5580000)
  object space 290304K, 99% used [0x0000000080000000,0x0000000091b05fa0,0x0000000091b80000)
 Metaspace       used 80270K, committed 82112K, reserved 1179648K
  class space    used 10187K, committed 11008K, reserved 1048576K
}
Event: 33.985 GC heap before
{Heap before GC invocations=825 (full 3):
 PSYoungGen      total 4096K, used 3872K [0x00000000d5580000, 0x00000000d5c80000, 0x0000000100000000)
  eden space 3584K, 100% used [0x00000000d5580000,0x00000000d5900000,0x00000000d5900000)
  from space 512K, 56% used [0x00000000d5b80000,0x00000000d5bc8000,0x00000000d5c00000)
  to   space 512K, 0% used [0x00000000d5c00000,0x00000000d5c00000,0x00000000d5c80000)
 ParOldGen       total 290304K, used 289815K [0x0000000080000000, 0x0000000091b80000, 0x00000000d5580000)
  object space 290304K, 99% used [0x0000000080000000,0x0000000091b05fa0,0x0000000091b80000)
 Metaspace       used 80652K, committed 82496K, reserved 1179648K
  class space    used 10252K, committed 11072K, reserved 1048576K
}
Event: 33.986 GC heap after
{Heap after GC invocations=825 (full 3):
 PSYoungGen      total 4096K, used 320K [0x00000000d5580000, 0x00000000d5c80000, 0x0000000100000000)
  eden space 3584K, 0% used [0x00000000d5580000,0x00000000d5580000,0x00000000d5900000)
  from space 512K, 62% used [0x00000000d5c00000,0x00000000d5c50000,0x00000000d5c80000)
  to   space 512K, 0% used [0x00000000d5b80000,0x00000000d5b80000,0x00000000d5c00000)
 ParOldGen       total 290304K, used 289911K [0x0000000080000000, 0x0000000091b80000, 0x00000000d5580000)
  object space 290304K, 99% used [0x0000000080000000,0x0000000091b1dfa0,0x0000000091b80000)
 Metaspace       used 80652K, committed 82496K, reserved 1179648K
  class space    used 10252K, committed 11072K, reserved 1048576K
}
Event: 34.033 GC heap before
{Heap before GC invocations=826 (full 3):
 PSYoungGen      total 4096K, used 3895K [0x00000000d5580000, 0x00000000d5c80000, 0x0000000100000000)
  eden space 3584K, 99% used [0x00000000d5580000,0x00000000d58fdef0,0x00000000d5900000)
  from space 512K, 62% used [0x00000000d5c00000,0x00000000d5c50000,0x00000000d5c80000)
  to   space 512K, 0% used [0x00000000d5b80000,0x00000000d5b80000,0x00000000d5c00000)
 ParOldGen       total 290304K, used 289911K [0x0000000080000000, 0x0000000091b80000, 0x00000000d5580000)
  object space 290304K, 99% used [0x0000000080000000,0x0000000091b1dfa0,0x0000000091b80000)
 Metaspace       used 80905K, committed 82688K, reserved 1179648K
  class space    used 10290K, committed 11072K, reserved 1048576K
}
Event: 34.033 GC heap after
{Heap after GC invocations=826 (full 3):
 PSYoungGen      total 4096K, used 352K [0x00000000d5580000, 0x00000000d5c80000, 0x0000000100000000)
  eden space 3584K, 0% used [0x00000000d5580000,0x00000000d5580000,0x00000000d5900000)
  from space 512K, 68% used [0x00000000d5b80000,0x00000000d5bd8000,0x00000000d5c00000)
  to   space 512K, 0% used [0x00000000d5c00000,0x00000000d5c00000,0x00000000d5c80000)
 ParOldGen       total 290304K, used 290015K [0x0000000080000000, 0x0000000091b80000, 0x00000000d5580000)
  object space 290304K, 99% used [0x0000000080000000,0x0000000091b37fa0,0x0000000091b80000)
 Metaspace       used 80905K, committed 82688K, reserved 1179648K
  class space    used 10290K, committed 11072K, reserved 1048576K
}
Event: 34.067 GC heap before
{Heap before GC invocations=827 (full 3):
 PSYoungGen      total 4096K, used 3935K [0x00000000d5580000, 0x00000000d5c80000, 0x0000000100000000)
  eden space 3584K, 99% used [0x00000000d5580000,0x00000000d58fff88,0x00000000d5900000)
  from space 512K, 68% used [0x00000000d5b80000,0x00000000d5bd8000,0x00000000d5c00000)
  to   space 512K, 0% used [0x00000000d5c00000,0x00000000d5c00000,0x00000000d5c80000)
 ParOldGen       total 290304K, used 290015K [0x0000000080000000, 0x0000000091b80000, 0x00000000d5580000)
  object space 290304K, 99% used [0x0000000080000000,0x0000000091b37fa0,0x0000000091b80000)
 Metaspace       used 80906K, committed 82688K, reserved 1179648K
  class space    used 10290K, committed 11072K, reserved 1048576K
}
Event: 34.068 GC heap after
{Heap after GC invocations=827 (full 3):
 PSYoungGen      total 4096K, used 224K [0x00000000d5580000, 0x00000000d5c80000, 0x0000000100000000)
  eden space 3584K, 0% used [0x00000000d5580000,0x00000000d5580000,0x00000000d5900000)
  from space 512K, 43% used [0x00000000d5c00000,0x00000000d5c38000,0x00000000d5c80000)
  to   space 512K, 0% used [0x00000000d5b80000,0x00000000d5b80000,0x00000000d5c00000)
 ParOldGen       total 290304K, used 290103K [0x0000000080000000, 0x0000000091b80000, 0x00000000d5580000)
  object space 290304K, 99% used [0x0000000080000000,0x0000000091b4dfa0,0x0000000091b80000)
 Metaspace       used 80906K, committed 82688K, reserved 1179648K
  class space    used 10290K, committed 11072K, reserved 1048576K
}

