# JRE version: OpenJDK Runtime Environment Temurin-21.0.10+7 (21.0.10+7) (build 21.0.10+7-LTS)
# Java VM: OpenJDK 64-Bit Server VM Temurin-21.0.10+7 (21.0.10+7-LTS, mixed mode, sharing, tiered, compressed oops, compressed class ptrs, g1 gc, windows-amd64)
GC Precious Log:
 CardTable entry size: 512
 Card Set container configuration: InlinePtr #cards 5 size 8 Array Of Cards #cards 12 size 40 Howl #buckets 4 coarsen threshold 1843 Howl Bitmap #cards 512 size 80 coarsen threshold 460 Card regions per heap region 1 cards per card region 2048
 CPUs: 12 total, 12 available
 Memory: 16092M
 Large Page Support: Disabled
 NUMA Support: Disabled
 Compressed Oops: Enabled (32-bit)
 Heap Region Size: 1M
 Heap Min Capacity: 8M
 Heap Initial Capacity: 252M
 Heap Max Capacity: 2G
 Pre-touch: Disabled
 Parallel Workers: 10
 Concurrent Workers: 3
 Concurrent Refinement Workers: 10
 Periodic GC: Disabled
Heap:
 garbage-first heap   total 167936K, used 153951K [0x0000000080000000, 0x0000000100000000)
  region size 1024K, 55 young (56320K), 6 survivors (6144K)
 Metaspace       used 90731K, committed 93120K, reserved 1179648K
  class space    used 12904K, committed 14080K, reserved 1048576K
GC Heap History (20 events):
Event: 25.664 GC heap after
{Heap after GC invocations=28 (full 0):
 garbage-first heap   total 130048K, used 79740K [0x0000000080000000, 0x0000000100000000)
  region size 1024K, 3 young (3072K), 3 survivors (3072K)
 Metaspace       used 65047K, committed 67072K, reserved 1114112K
  class space    used 9284K, committed 10240K, reserved 1048576K
}
Event: 26.632 GC heap before
{Heap before GC invocations=28 (full 0):
 garbage-first heap   total 130048K, used 122748K [0x0000000080000000, 0x0000000100000000)
  region size 1024K, 42 young (43008K), 3 survivors (3072K)
 Metaspace       used 68674K, committed 70848K, reserved 1114112K
  class space    used 9821K, committed 10880K, reserved 1048576K
}
Event: 26.638 GC heap after
{Heap after GC invocations=29 (full 0):
 garbage-first heap   total 134144K, used 86701K [0x0000000080000000, 0x0000000100000000)
  region size 1024K, 6 young (6144K), 6 survivors (6144K)
 Metaspace       used 68674K, committed 70848K, reserved 1114112K
  class space    used 9821K, committed 10880K, reserved 1048576K
}
Event: 26.639 GC heap before
{Heap before GC invocations=29 (full 0):
 garbage-first heap   total 134144K, used 86701K [0x0000000080000000, 0x0000000100000000)
  region size 1024K, 7 young (7168K), 6 survivors (6144K)
 Metaspace       used 68674K, committed 70848K, reserved 1114112K
  class space    used 9821K, committed 10880K, reserved 1048576K
}
Event: 26.642 GC heap after
{Heap after GC invocations=30 (full 0):
 garbage-first heap   total 134144K, used 87238K [0x0000000080000000, 0x0000000100000000)
  region size 1024K, 1 young (1024K), 1 survivors (1024K)
 Metaspace       used 68674K, committed 70848K, reserved 1114112K
  class space    used 9821K, committed 10880K, reserved 1048576K
}
Event: 27.657 GC heap before
{Heap before GC invocations=31 (full 0):
 garbage-first heap   total 152576K, used 125126K [0x0000000080000000, 0x0000000100000000)
  region size 1024K, 36 young (36864K), 1 survivors (1024K)
 Metaspace       used 71040K, committed 73216K, reserved 1114112K
  class space    used 10123K, committed 11200K, reserved 1048576K
}
Event: 27.660 GC heap after
{Heap after GC invocations=32 (full 0):
 garbage-first heap   total 152576K, used 91437K [0x0000000080000000, 0x0000000100000000)
  region size 1024K, 4 young (4096K), 4 survivors (4096K)
 Metaspace       used 71040K, committed 73216K, reserved 1114112K
  class space    used 10123K, committed 11200K, reserved 1048576K
}
Event: 28.930 GC heap before
{Heap before GC invocations=32 (full 0):
 garbage-first heap   total 152576K, used 137517K [0x0000000080000000, 0x0000000100000000)
  region size 1024K, 49 young (50176K), 4 survivors (4096K)
 Metaspace       used 73322K, committed 75584K, reserved 1114112K
  class space    used 10466K, committed 11584K, reserved 1048576K
}
Event: 28.937 GC heap after
{Heap after GC invocations=33 (full 0):
 garbage-first heap   total 152576K, used 93414K [0x0000000080000000, 0x0000000100000000)
  region size 1024K, 7 young (7168K), 7 survivors (7168K)
 Metaspace       used 73322K, committed 75584K, reserved 1114112K
  class space    used 10466K, committed 11584K, reserved 1048576K
}
Event: 30.238 GC heap before
{Heap before GC invocations=33 (full 0):
 garbage-first heap   total 152576K, used 138470K [0x0000000080000000, 0x0000000100000000)
  region size 1024K, 51 young (52224K), 7 survivors (7168K)
 Metaspace       used 75667K, committed 77952K, reserved 1179648K
  class space    used 10794K, committed 11904K, reserved 1048576K
}
Event: 30.244 GC heap after
{Heap after GC invocations=34 (full 0):
 garbage-first heap   total 152576K, used 99022K [0x0000000080000000, 0x0000000100000000)
  region size 1024K, 6 young (6144K), 6 survivors (6144K)
 Metaspace       used 75667K, committed 77952K, reserved 1179648K
  class space    used 10794K, committed 11904K, reserved 1048576K
}
Event: 31.316 GC heap before
{Heap before GC invocations=35 (full 0):
 garbage-first heap   total 162816K, used 136910K [0x0000000080000000, 0x0000000100000000)
  region size 1024K, 45 young (46080K), 6 survivors (6144K)
 Metaspace       used 78702K, committed 81024K, reserved 1179648K
  class space    used 11319K, committed 12480K, reserved 1048576K
}
Event: 31.319 GC heap after
{Heap after GC invocations=36 (full 0):
 garbage-first heap   total 162816K, used 97082K [0x0000000080000000, 0x0000000100000000)
  region size 1024K, 2 young (2048K), 2 survivors (2048K)
 Metaspace       used 78702K, committed 81024K, reserved 1179648K
  class space    used 11319K, committed 12480K, reserved 1048576K
}
Event: 32.966 GC heap before
{Heap before GC invocations=36 (full 0):
 garbage-first heap   total 162816K, used 148282K [0x0000000080000000, 0x0000000100000000)
  region size 1024K, 52 young (53248K), 2 survivors (2048K)
 Metaspace       used 83335K, committed 85568K, reserved 1179648K
  class space    used 12067K, committed 13184K, reserved 1048576K
}
Event: 32.971 GC heap after
{Heap after GC invocations=37 (full 0):
 garbage-first heap   total 162816K, used 97017K [0x0000000080000000, 0x0000000100000000)
  region size 1024K, 4 young (4096K), 4 survivors (4096K)
 Metaspace       used 83335K, committed 85568K, reserved 1179648K
  class space    used 12067K, committed 13184K, reserved 1048576K
}
Event: 36.192 GC heap before
{Heap before GC invocations=37 (full 0):
 garbage-first heap   total 162816K, used 148217K [0x0000000080000000, 0x0000000100000000)
  region size 1024K, 55 young (56320K), 4 survivors (4096K)
 Metaspace       used 88271K, committed 90624K, reserved 1179648K
  class space    used 12600K, committed 13760K, reserved 1048576K
}
Event: 36.198 GC heap after
{Heap after GC invocations=38 (full 0):
 garbage-first heap   total 162816K, used 99945K [0x0000000080000000, 0x0000000100000000)
  region size 1024K, 7 young (7168K), 7 survivors (7168K)
 Metaspace       used 88271K, committed 90624K, reserved 1179648K
  class space    used 12600K, committed 13760K, reserved 1048576K
}
Event: 37.778 GC heap before
{Heap before GC invocations=39 (full 0):
 garbage-first heap   total 167936K, used 148073K [0x0000000080000000, 0x0000000100000000)
  region size 1024K, 56 young (57344K), 7 survivors (7168K)
 Metaspace       used 90542K, committed 92864K, reserved 1179648K
  class space    used 12880K, committed 14016K, reserved 1048576K
}
Event: 37.785 GC heap after
{Heap after GC invocations=40 (full 0):
 garbage-first heap   total 167936K, used 103775K [0x0000000080000000, 0x0000000100000000)
  region size 1024K, 7 young (7168K), 7 survivors (7168K)
 Metaspace       used 90542K, committed 92864K, reserved 1179648K
  class space    used 12880K, committed 14016K, reserved 1048576K
}
Event: 38.459 GC heap before
{Heap before GC invocations=40 (full 0):
 garbage-first heap   total 167936K, used 152927K [0x0000000080000000, 0x0000000100000000)
  region size 1024K, 56 young (57344K), 7 survivors (7168K)
 Metaspace       used 90731K, committed 93120K, reserved 1179648K
  class space    used 12904K, committed 14080K, reserved 1048576K
}

