# JRE version: OpenJDK Runtime Environment Temurin-21.0.10+7 (21.0.10+7) (build 21.0.10+7-LTS)
# Java VM: OpenJDK 64-Bit Server VM Temurin-21.0.10+7 (21.0.10+7-LTS, mixed mode, sharing, tiered, compressed oops, compressed class ptrs, parallel gc, windows-amd64)
GC Precious Log:
 CardTable entry size: 512
 CPUs: 12 total, 12 available
 Memory: 16092M
 Large Page Support: Disabled
 NUMA Support: Disabled
 Compressed Oops: Enabled (32-bit)
 Alignments: Space 512K, Generation 512K, Heap 2M
 Heap Min Capacity: 100M
 Heap Initial Capacity: 100M
 Heap Max Capacity: 2G
 Pre-touch: Disabled
 Parallel Workers: 10
Heap:
 PSYoungGen      total 12288K, used 3208K [0x00000000d5580000, 0x00000000d6400000, 0x0000000100000000)
  eden space 10240K, 12% used [0x00000000d5580000,0x00000000d56ca320,0x00000000d5f80000)
  from space 2048K, 92% used [0x00000000d6200000,0x00000000d63d8010,0x00000000d6400000)
  to   space 2048K, 0% used [0x00000000d6000000,0x00000000d6000000,0x00000000d6200000)
 ParOldGen       total 168448K, used 168263K [0x0000000080000000, 0x000000008a480000, 0x00000000d5580000)
  object space 168448K, 99% used [0x0000000080000000,0x000000008a451e78,0x000000008a480000)
 Metaspace       used 85421K, committed 87168K, reserved 1179648K
  class space    used 10820K, committed 11648K, reserved 1048576K
GC Heap History (20 events):
Event: 283.801 GC heap before
{Heap before GC invocations=192 (full 3):
 PSYoungGen      total 10752K, used 10624K [0x00000000d5580000, 0x00000000d6480000, 0x0000000100000000)
  eden space 10240K, 100% used [0x00000000d5580000,0x00000000d5f80000,0x00000000d5f80000)
  from space 512K, 75% used [0x00000000d6400000,0x00000000d6460000,0x00000000d6480000)
  to   space 1024K, 0% used [0x00000000d6280000,0x00000000d6280000,0x00000000d6380000)
 ParOldGen       total 159232K, used 158851K [0x0000000080000000, 0x0000000089b80000, 0x00000000d5580000)
  object space 159232K, 99% used [0x0000000080000000,0x0000000089b20ea8,0x0000000089b80000)
 Metaspace       used 81584K, committed 83328K, reserved 1179648K
  class space    used 10228K, committed 11008K, reserved 1048576K
}
Event: 283.802 GC heap after
{Heap after GC invocations=192 (full 3):
 PSYoungGen      total 11264K, used 1009K [0x00000000d5580000, 0x00000000d6480000, 0x0000000100000000)
  eden space 10240K, 0% used [0x00000000d5580000,0x00000000d5580000,0x00000000d5f80000)
  from space 1024K, 98% used [0x00000000d6280000,0x00000000d637c6e8,0x00000000d6380000)
  to   space 1024K, 0% used [0x00000000d6380000,0x00000000d6380000,0x00000000d6480000)
 ParOldGen       total 159744K, used 159566K [0x0000000080000000, 0x0000000089c00000, 0x00000000d5580000)
  object space 159744K, 99% used [0x0000000080000000,0x0000000089bd3b00,0x0000000089c00000)
 Metaspace       used 81584K, committed 83328K, reserved 1179648K
  class space    used 10228K, committed 11008K, reserved 1048576K
}
Event: 287.025 GC heap before
{Heap before GC invocations=193 (full 3):
 PSYoungGen      total 11264K, used 11249K [0x00000000d5580000, 0x00000000d6480000, 0x0000000100000000)
  eden space 10240K, 100% used [0x00000000d5580000,0x00000000d5f80000,0x00000000d5f80000)
  from space 1024K, 98% used [0x00000000d6280000,0x00000000d637c6e8,0x00000000d6380000)
  to   space 1024K, 0% used [0x00000000d6380000,0x00000000d6380000,0x00000000d6480000)
 ParOldGen       total 159744K, used 159566K [0x0000000080000000, 0x0000000089c00000, 0x00000000d5580000)
  object space 159744K, 99% used [0x0000000080000000,0x0000000089bd3b00,0x0000000089c00000)
 Metaspace       used 81948K, committed 83776K, reserved 1179648K
  class space    used 10319K, committed 11136K, reserved 1048576K
}
Event: 287.027 GC heap after
{Heap after GC invocations=193 (full 3):
 PSYoungGen      total 11264K, used 1022K [0x00000000d5580000, 0x00000000d6780000, 0x0000000100000000)
  eden space 10240K, 0% used [0x00000000d5580000,0x00000000d5580000,0x00000000d5f80000)
  from space 1024K, 99% used [0x00000000d6380000,0x00000000d647f988,0x00000000d6480000)
  to   space 4096K, 0% used [0x00000000d5f80000,0x00000000d5f80000,0x00000000d6380000)
 ParOldGen       total 162304K, used 162088K [0x0000000080000000, 0x0000000089e80000, 0x00000000d5580000)
  object space 162304K, 99% used [0x0000000080000000,0x0000000089e4a270,0x0000000089e80000)
 Metaspace       used 81948K, committed 83776K, reserved 1179648K
  class space    used 10319K, committed 11136K, reserved 1048576K
}
Event: 287.091 GC heap before
{Heap before GC invocations=194 (full 3):
 PSYoungGen      total 11264K, used 11262K [0x00000000d5580000, 0x00000000d6780000, 0x0000000100000000)
  eden space 10240K, 100% used [0x00000000d5580000,0x00000000d5f80000,0x00000000d5f80000)
  from space 1024K, 99% used [0x00000000d6380000,0x00000000d647f988,0x00000000d6480000)
  to   space 4096K, 0% used [0x00000000d5f80000,0x00000000d5f80000,0x00000000d6380000)
 ParOldGen       total 162304K, used 162088K [0x0000000080000000, 0x0000000089e80000, 0x00000000d5580000)
  object space 162304K, 99% used [0x0000000080000000,0x0000000089e4a270,0x0000000089e80000)
 Metaspace       used 83063K, committed 84864K, reserved 1179648K
  class space    used 10523K, committed 11328K, reserved 1048576K
}
Event: 287.093 GC heap after
{Heap after GC invocations=194 (full 3):
 PSYoungGen      total 10752K, used 464K [0x00000000d5580000, 0x00000000d6400000, 0x0000000100000000)
  eden space 10240K, 0% used [0x00000000d5580000,0x00000000d5580000,0x00000000d5f80000)
  from space 512K, 90% used [0x00000000d5f80000,0x00000000d5ff4010,0x00000000d6000000)
  to   space 2048K, 0% used [0x00000000d6200000,0x00000000d6200000,0x00000000d6400000)
 ParOldGen       total 163328K, used 163111K [0x0000000080000000, 0x0000000089f80000, 0x00000000d5580000)
  object space 163328K, 99% used [0x0000000080000000,0x0000000089f49da8,0x0000000089f80000)
 Metaspace       used 83063K, committed 84864K, reserved 1179648K
  class space    used 10523K, committed 11328K, reserved 1048576K
}
Event: 287.177 GC heap before
{Heap before GC invocations=195 (full 3):
 PSYoungGen      total 10752K, used 10704K [0x00000000d5580000, 0x00000000d6400000, 0x0000000100000000)
  eden space 10240K, 100% used [0x00000000d5580000,0x00000000d5f80000,0x00000000d5f80000)
  from space 512K, 90% used [0x00000000d5f80000,0x00000000d5ff4010,0x00000000d6000000)
  to   space 2048K, 0% used [0x00000000d6200000,0x00000000d6200000,0x00000000d6400000)
 ParOldGen       total 163328K, used 163111K [0x0000000080000000, 0x0000000089f80000, 0x00000000d5580000)
  object space 163328K, 99% used [0x0000000080000000,0x0000000089f49da8,0x0000000089f80000)
 Metaspace       used 84029K, committed 85824K, reserved 1179648K
  class space    used 10694K, committed 11520K, reserved 1048576K
}
Event: 287.178 GC heap after
{Heap after GC invocations=195 (full 3):
 PSYoungGen      total 10752K, used 448K [0x00000000d5580000, 0x00000000d6280000, 0x0000000100000000)
  eden space 10240K, 0% used [0x00000000d5580000,0x00000000d5580000,0x00000000d5f80000)
  from space 512K, 87% used [0x00000000d6200000,0x00000000d6270000,0x00000000d6280000)
  to   space 1024K, 0% used [0x00000000d6080000,0x00000000d6080000,0x00000000d6180000)
 ParOldGen       total 163840K, used 163399K [0x0000000080000000, 0x000000008a000000, 0x00000000d5580000)
  object space 163840K, 99% used [0x0000000080000000,0x0000000089f91dd8,0x000000008a000000)
 Metaspace       used 84029K, committed 85824K, reserved 1179648K
  class space    used 10694K, committed 11520K, reserved 1048576K
}
Event: 314.777 GC heap before
{Heap before GC invocations=196 (full 3):
 PSYoungGen      total 10752K, used 10688K [0x00000000d5580000, 0x00000000d6280000, 0x0000000100000000)
  eden space 10240K, 100% used [0x00000000d5580000,0x00000000d5f80000,0x00000000d5f80000)
  from space 512K, 87% used [0x00000000d6200000,0x00000000d6270000,0x00000000d6280000)
  to   space 1024K, 0% used [0x00000000d6080000,0x00000000d6080000,0x00000000d6180000)
 ParOldGen       total 163840K, used 163399K [0x0000000080000000, 0x000000008a000000, 0x00000000d5580000)
  object space 163840K, 99% used [0x0000000080000000,0x0000000089f91dd8,0x000000008a000000)
 Metaspace       used 84122K, committed 85888K, reserved 1179648K
  class space    used 10699K, committed 11520K, reserved 1048576K
}
Event: 314.778 GC heap after
{Heap after GC invocations=196 (full 3):
 PSYoungGen      total 11264K, used 288K [0x00000000d5580000, 0x00000000d6280000, 0x0000000100000000)
  eden space 10240K, 0% used [0x00000000d5580000,0x00000000d5580000,0x00000000d5f80000)
  from space 1024K, 28% used [0x00000000d6080000,0x00000000d60c8000,0x00000000d6180000)
  to   space 512K, 0% used [0x00000000d6200000,0x00000000d6200000,0x00000000d6280000)
 ParOldGen       total 163840K, used 163604K [0x0000000080000000, 0x000000008a000000, 0x00000000d5580000)
  object space 163840K, 99% used [0x0000000080000000,0x0000000089fc5130,0x000000008a000000)
 Metaspace       used 84122K, committed 85888K, reserved 1179648K
  class space    used 10699K, committed 11520K, reserved 1048576K
}
Event: 327.036 GC heap before
{Heap before GC invocations=197 (full 3):
 PSYoungGen      total 11264K, used 10528K [0x00000000d5580000, 0x00000000d6280000, 0x0000000100000000)
  eden space 10240K, 100% used [0x00000000d5580000,0x00000000d5f80000,0x00000000d5f80000)
  from space 1024K, 28% used [0x00000000d6080000,0x00000000d60c8000,0x00000000d6180000)
  to   space 512K, 0% used [0x00000000d6200000,0x00000000d6200000,0x00000000d6280000)
 ParOldGen       total 163840K, used 163604K [0x0000000080000000, 0x000000008a000000, 0x00000000d5580000)
  object space 163840K, 99% used [0x0000000080000000,0x0000000089fc5130,0x000000008a000000)
 Metaspace       used 84403K, committed 86144K, reserved 1179648K
  class space    used 10727K, committed 11520K, reserved 1048576K
}
Event: 327.038 GC heap after
{Heap after GC invocations=197 (full 3):
 PSYoungGen      total 10752K, used 512K [0x00000000d5580000, 0x00000000d6280000, 0x0000000100000000)
  eden space 10240K, 0% used [0x00000000d5580000,0x00000000d5580000,0x00000000d5f80000)
  from space 512K, 100% used [0x00000000d6200000,0x00000000d6280000,0x00000000d6280000)
  to   space 1024K, 0% used [0x00000000d6080000,0x00000000d6080000,0x00000000d6180000)
 ParOldGen       total 163840K, used 163796K [0x0000000080000000, 0x000000008a000000, 0x00000000d5580000)
  object space 163840K, 99% used [0x0000000080000000,0x0000000089ff5150,0x000000008a000000)
 Metaspace       used 84403K, committed 86144K, reserved 1179648K
  class space    used 10727K, committed 11520K, reserved 1048576K
}
Event: 330.143 GC heap before
{Heap before GC invocations=198 (full 3):
 PSYoungGen      total 10752K, used 10752K [0x00000000d5580000, 0x00000000d6280000, 0x0000000100000000)
  eden space 10240K, 100% used [0x00000000d5580000,0x00000000d5f80000,0x00000000d5f80000)
  from space 512K, 100% used [0x00000000d6200000,0x00000000d6280000,0x00000000d6280000)
  to   space 1024K, 0% used [0x00000000d6080000,0x00000000d6080000,0x00000000d6180000)
 ParOldGen       total 163840K, used 163796K [0x0000000080000000, 0x000000008a000000, 0x00000000d5580000)
  object space 163840K, 99% used [0x0000000080000000,0x0000000089ff5150,0x000000008a000000)
 Metaspace       used 84658K, committed 86400K, reserved 1179648K
  class space    used 10744K, committed 11520K, reserved 1048576K
}
Event: 330.144 GC heap after
{Heap after GC invocations=198 (full 3):
 PSYoungGen      total 11264K, used 352K [0x00000000d5580000, 0x00000000d6280000, 0x0000000100000000)
  eden space 10240K, 0% used [0x00000000d5580000,0x00000000d5580000,0x00000000d5f80000)
  from space 1024K, 34% used [0x00000000d6080000,0x00000000d60d8000,0x00000000d6180000)
  to   space 512K, 0% used [0x00000000d6200000,0x00000000d6200000,0x00000000d6280000)
 ParOldGen       total 164352K, used 164036K [0x0000000080000000, 0x000000008a080000, 0x00000000d5580000)
  object space 164352K, 99% used [0x0000000080000000,0x000000008a031150,0x000000008a080000)
 Metaspace       used 84658K, committed 86400K, reserved 1179648K
  class space    used 10744K, committed 11520K, reserved 1048576K
}
Event: 378.639 GC heap before
{Heap before GC invocations=199 (full 3):
 PSYoungGen      total 11264K, used 10586K [0x00000000d5580000, 0x00000000d6280000, 0x0000000100000000)
  eden space 10240K, 99% used [0x00000000d5580000,0x00000000d5f7e838,0x00000000d5f80000)
  from space 1024K, 34% used [0x00000000d6080000,0x00000000d60d8000,0x00000000d6180000)
  to   space 512K, 0% used [0x00000000d6200000,0x00000000d6200000,0x00000000d6280000)
 ParOldGen       total 164352K, used 164036K [0x0000000080000000, 0x000000008a080000, 0x00000000d5580000)
  object space 164352K, 99% used [0x0000000080000000,0x000000008a031150,0x000000008a080000)
 Metaspace       used 84733K, committed 86464K, reserved 1179648K
  class space    used 10754K, committed 11520K, reserved 1048576K
}
Event: 378.642 GC heap after
{Heap after GC invocations=199 (full 3):
 PSYoungGen      total 10752K, used 512K [0x00000000d5580000, 0x00000000d6480000, 0x0000000100000000)
  eden space 10240K, 0% used [0x00000000d5580000,0x00000000d5580000,0x00000000d5f80000)
  from space 512K, 100% used [0x00000000d6200000,0x00000000d6280000,0x00000000d6280000)
  to   space 2560K, 0% used [0x00000000d5f80000,0x00000000d5f80000,0x00000000d6200000)
 ParOldGen       total 165888K, used 165633K [0x0000000080000000, 0x000000008a200000, 0x00000000d5580000)
  object space 165888K, 99% used [0x0000000080000000,0x000000008a1c0648,0x000000008a200000)
 Metaspace       used 84733K, committed 86464K, reserved 1179648K
  class space    used 10754K, committed 11520K, reserved 1048576K
}
Event: 378.840 GC heap before
{Heap before GC invocations=200 (full 3):
 PSYoungGen      total 10752K, used 10752K [0x00000000d5580000, 0x00000000d6480000, 0x0000000100000000)
  eden space 10240K, 100% used [0x00000000d5580000,0x00000000d5f80000,0x00000000d5f80000)
  from space 512K, 100% used [0x00000000d6200000,0x00000000d6280000,0x00000000d6280000)
  to   space 2560K, 0% used [0x00000000d5f80000,0x00000000d5f80000,0x00000000d6200000)
 ParOldGen       total 165888K, used 165633K [0x0000000080000000, 0x000000008a200000, 0x00000000d5580000)
  object space 165888K, 99% used [0x0000000080000000,0x000000008a1c0648,0x000000008a200000)
 Metaspace       used 85280K, committed 87040K, reserved 1179648K
  class space    used 10804K, committed 11584K, reserved 1048576K
}
Event: 378.843 GC heap after
{Heap after GC invocations=200 (full 3):
 PSYoungGen      total 12800K, used 2224K [0x00000000d5580000, 0x00000000d6480000, 0x0000000100000000)
  eden space 10240K, 0% used [0x00000000d5580000,0x00000000d5580000,0x00000000d5f80000)
  from space 2560K, 86% used [0x00000000d5f80000,0x00000000d61ac020,0x00000000d6200000)
  to   space 2560K, 0% used [0x00000000d6200000,0x00000000d6200000,0x00000000d6480000)
 ParOldGen       total 166400K, used 166153K [0x0000000080000000, 0x000000008a280000, 0x00000000d5580000)
  object space 166400K, 99% used [0x0000000080000000,0x000000008a242648,0x000000008a280000)
 Metaspace       used 85280K, committed 87040K, reserved 1179648K
  class space    used 10804K, committed 11584K, reserved 1048576K
}
Event: 1925.974 GC heap before
{Heap before GC invocations=201 (full 3):
 PSYoungGen      total 12800K, used 12464K [0x00000000d5580000, 0x00000000d6480000, 0x0000000100000000)
  eden space 10240K, 100% used [0x00000000d5580000,0x00000000d5f80000,0x00000000d5f80000)
  from space 2560K, 86% used [0x00000000d5f80000,0x00000000d61ac020,0x00000000d6200000)
  to   space 2560K, 0% used [0x00000000d6200000,0x00000000d6200000,0x00000000d6480000)
 ParOldGen       total 166400K, used 166153K [0x0000000080000000, 0x000000008a280000, 0x00000000d5580000)
  object space 166400K, 99% used [0x0000000080000000,0x000000008a242648,0x000000008a280000)
 Metaspace       used 85414K, committed 87168K, reserved 1179648K
  class space    used 10820K, committed 11648K, reserved 1048576K
}
Event: 1925.977 GC heap after
{Heap after GC invocations=201 (full 3):
 PSYoungGen      total 12288K, used 1888K [0x00000000d5580000, 0x00000000d6400000, 0x0000000100000000)
  eden space 10240K, 0% used [0x00000000d5580000,0x00000000d5580000,0x00000000d5f80000)
  from space 2048K, 92% used [0x00000000d6200000,0x00000000d63d8010,0x00000000d6400000)
  to   space 2048K, 0% used [0x00000000d6000000,0x00000000d6000000,0x00000000d6200000)
 ParOldGen       total 168448K, used 168263K [0x0000000080000000, 0x000000008a480000, 0x00000000d5580000)
  object space 168448K, 99% used [0x0000000080000000,0x000000008a451e78,0x000000008a480000)
 Metaspace       used 85414K, committed 87168K, reserved 1179648K
  class space    used 10820K, committed 11648K, reserved 1048576K
}

